<?xml version="1.0" encoding="UTF-8"?>
<coverage generated="1662882854578" clover="3.2.0">
  <project timestamp="1662882854578" name="All files">
    <metrics statements="4" coveredstatements="3" conditionals="0" coveredconditionals="0" methods="2" coveredmethods="1" elements="6" coveredelements="4" complexity="0" loc="4" ncloc="4" packages="2" files="2" classes="2"/>
    <package name="01sum">
      <metrics statements="2" coveredstatements="2" conditionals="0" coveredconditionals="0" methods="1" coveredmethods="1"/>
      <file name="sum.js" path="C:\Users\manju\Desktop\TST\JEST\01sum\sum.js">
        <metrics statements="2" coveredstatements="2" conditionals="0" coveredconditionals="0" methods="1" coveredmethods="1"/>
        <line num="2" count="1" type="stmt"/>
        <line num="5" count="1" type="stmt"/>
      </file>
    </package>
    <package name="04subtract">
      <metrics statements="2" coveredstatements="1" conditionals="0" coveredconditionals="0" methods="1" coveredmethods="0"/>
      <file name="subtract.js" path="C:\Users\manju\Desktop\TST\JEST\04subtract\subtract.js">
        <metrics statements="2" coveredstatements="1" conditionals="0" coveredconditionals="0" methods="1" coveredmethods="0"/>
        <line num="2" count="0" type="stmt"/>
        <line num="5" count="1" type="stmt"/>
      </file>
    </package>
  </project>
</coverage>
