{"C:\\Users\\manju\\Desktop\\TST\\JEST\\01sum\\sum.js": {"path":"C:\\Users\\manju\\Desktop\\TST\\JEST\\01sum\\sum.js","statementMap":{"0":{"start":{"line":2,"column":1},"end":{"line":2,"column":14}},"1":{"start":{"line":5,"column":0},"end":{"line":5,"column":21}}},"fnMap":{"0":{"name":"sum","decl":{"start":{"line":1,"column":9},"end":{"line":1,"column":12}},"loc":{"start":{"line":1,"column":19},"end":{"line":4,"column":1}},"line":1}},"branchMap":{},"s":{"0":1,"1":1},"f":{"0":1},"b":{},"_coverageSchema":"1a1c01bbd47fc00a2c39e90264f33305004495a9","hash":"b825c5aeacd0922e90feaa6df8b2a888ebafc30f"}
,"C:\\Users\\manju\\Desktop\\TST\\JEST\\04subtract\\subtract.js": {"path":"C:\\Users\\manju\\Desktop\\TST\\JEST\\04subtract\\subtract.js","statementMap":{"0":{"start":{"line":2,"column":1},"end":{"line":2,"column":14}},"1":{"start":{"line":5,"column":0},"end":{"line":5,"column":26}}},"fnMap":{"0":{"name":"subtract","decl":{"start":{"line":1,"column":9},"end":{"line":1,"column":17}},"loc":{"start":{"line":1,"column":24},"end":{"line":4,"column":1}},"line":1}},"branchMap":{},"s":{"0":0,"1":1},"f":{"0":0},"b":{},"_coverageSchema":"1a1c01bbd47fc00a2c39e90264f33305004495a9","hash":"f34d7ea7aaf977761c8c2f51a2a0bfb752859843"}
}
